desc: --pages-as-heap=yes --massif-out-file=massif.out
cmd: build/SEP_Pipeline
time_unit: i
#-----------
snapshot=0
#-----------
time=0
mem_heap_B=8192
mem_heap_extra_B=0
mem_stacks_B=0
heap_tree=empty
#-----------
snapshot=1
#-----------
time=0
mem_heap_B=126976
mem_heap_extra_B=0
mem_stacks_B=0
heap_tree=empty
#-----------
snapshot=2
#-----------
time=0
mem_heap_B=143360
mem_heap_extra_B=0
mem_stacks_B=0
heap_tree=empty
#-----------
snapshot=3
#-----------
time=0
mem_heap_B=151552
mem_heap_extra_B=0
mem_stacks_B=0
heap_tree=empty
#-----------
snapshot=4
#-----------
time=0
mem_heap_B=159744
mem_heap_extra_B=0
mem_stacks_B=0
heap_tree=empty
#-----------
snapshot=5
#-----------
time=0
mem_heap_B=331776
mem_heap_extra_B=0
mem_stacks_B=0
heap_tree=empty
#-----------
snapshot=6
#-----------
time=0
mem_heap_B=376832
mem_heap_extra_B=0
mem_stacks_B=0
heap_tree=empty
#-----------
snapshot=7
#-----------
time=0
mem_heap_B=393216
mem_heap_extra_B=0
mem_stacks_B=0
heap_tree=empty
#-----------
snapshot=8
#-----------
time=0
mem_heap_B=397312
mem_heap_extra_B=0
mem_stacks_B=0
heap_tree=empty
#-----------
snapshot=9
#-----------
time=0
mem_heap_B=405504
mem_heap_extra_B=0
mem_stacks_B=0
heap_tree=detailed
n1: 405504 (page allocation syscalls) mmap/mremap/brk, --alloc-fns, etc.
 n0: 405504 0x0: ???
#-----------
snapshot=10
#-----------
time=0
mem_heap_B=417792
mem_heap_extra_B=0
mem_stacks_B=0
heap_tree=empty
#-----------
snapshot=11
#-----------
time=0
mem_heap_B=421888
mem_heap_extra_B=0
mem_stacks_B=0
heap_tree=empty
#-----------
snapshot=12
#-----------
time=0
mem_heap_B=425984
mem_heap_extra_B=0
mem_stacks_B=0
heap_tree=empty
#-----------
snapshot=13
#-----------
time=0
mem_heap_B=425984
mem_heap_extra_B=0
mem_stacks_B=0
heap_tree=detailed
n2: 425984 (page allocation syscalls) mmap/mremap/brk, --alloc-fns, etc.
 n0: 421888 0x0: ???
 n0: 4096 in 1 place, below massif's threshold (1.00%)
#-----------
snapshot=14
#-----------
time=0
mem_heap_B=421888
mem_heap_extra_B=0
mem_stacks_B=0
heap_tree=empty
#-----------
snapshot=15
#-----------
time=0
mem_heap_B=421888
mem_heap_extra_B=0
mem_stacks_B=0
heap_tree=empty
#-----------
snapshot=16
#-----------
time=50031
mem_heap_B=430080
mem_heap_extra_B=0
mem_stacks_B=0
heap_tree=empty
#-----------
snapshot=17
#-----------
time=50851
mem_heap_B=450560
mem_heap_extra_B=0
mem_stacks_B=0
heap_tree=empty
#-----------
snapshot=18
#-----------
time=50920
mem_heap_B=454656
mem_heap_extra_B=0
mem_stacks_B=0
heap_tree=empty
#-----------
snapshot=19
#-----------
time=50962
mem_heap_B=458752
mem_heap_extra_B=0
mem_stacks_B=0
heap_tree=empty
#-----------
snapshot=20
#-----------
time=51001
mem_heap_B=466944
mem_heap_extra_B=0
mem_stacks_B=0
heap_tree=empty
#-----------
snapshot=21
#-----------
time=54388
mem_heap_B=561152
mem_heap_extra_B=0
mem_stacks_B=0
heap_tree=empty
#-----------
snapshot=22
#-----------
time=56934
mem_heap_B=1507328
mem_heap_extra_B=0
mem_stacks_B=0
heap_tree=empty
#-----------
snapshot=23
#-----------
time=57003
mem_heap_B=2015232
mem_heap_extra_B=0
mem_stacks_B=0
heap_tree=detailed
n3: 2015232 (page allocation syscalls) mmap/mremap/brk, --alloc-fns, etc.
 n1: 1593344 0x4026D17: __mmap64 (mmap64.c:58)
  n4: 1593344 0x4026D17: mmap (mmap64.c:46)
   n1: 966656 0x4008F1B: _dl_map_segment (dl-map-segments.h:29)
    n1: 966656 0x4008F1B: _dl_map_segments (dl-map-segments.h:102)
     n1: 966656 0x4008F1B: _dl_map_object_from_fd (dl-load.c:1258)
      n2: 966656 0x400A600: _dl_map_object (dl-load.c:2327)
       n1: 946176 0x4003494: openaux (dl-deps.c:64)
        n1: 946176 0x401D3A9: _dl_catch_exception (dl-error-skeleton.c:208)
         n1: 946176 0x4003C7B: _dl_map_object_deps (dl-deps.c:248)
          n1: 946176 0x40233FF: dl_main (rtld.c:1970)
           n1: 946176 0x401F89B: _dl_sysdep_start (dl-sysdep.c:256)
            n1: 946176 0x40215F7: _dl_start_final (rtld.c:507)
             n1: 946176 0x40215F7: _dl_start (rtld.c:596)
              n0: 946176 0x40202F7: ??? (in /usr/lib/x86_64-linux-gnu/ld-linux-x86-64.so.2)
       n1: 20480 0x4020438: map_doit (rtld.c:666)
        n1: 20480 0x401D3A9: _dl_catch_exception (dl-error-skeleton.c:208)
         n1: 20480 0x401D452: _dl_catch_error (dl-error-skeleton.c:227)
          n1: 20480 0x4021880: do_preload (rtld.c:841)
           n1: 20480 0x4021880: handle_preload_list (rtld.c:917)
            n1: 20480 0x4024B18: dl_main (rtld.c:1847)
             n1: 20480 0x401F89B: _dl_sysdep_start (dl-sysdep.c:256)
              n1: 20480 0x40215F7: _dl_start_final (rtld.c:507)
               n1: 20480 0x40215F7: _dl_start (rtld.c:596)
                n0: 20480 0x40202F7: ??? (in /usr/lib/x86_64-linux-gnu/ld-linux-x86-64.so.2)
   n1: 524288 0x4009098: _dl_map_segments (dl-map-segments.h:140)
    n1: 524288 0x4009098: _dl_map_object_from_fd (dl-load.c:1258)
     n2: 524288 0x400A600: _dl_map_object (dl-load.c:2327)
      n1: 507904 0x4003494: openaux (dl-deps.c:64)
       n1: 507904 0x401D3A9: _dl_catch_exception (dl-error-skeleton.c:208)
        n1: 507904 0x4003C7B: _dl_map_object_deps (dl-deps.c:248)
         n1: 507904 0x40233FF: dl_main (rtld.c:1970)
          n1: 507904 0x401F89B: _dl_sysdep_start (dl-sysdep.c:256)
           n1: 507904 0x40215F7: _dl_start_final (rtld.c:507)
            n1: 507904 0x40215F7: _dl_start (rtld.c:596)
             n0: 507904 0x40202F7: ??? (in /usr/lib/x86_64-linux-gnu/ld-linux-x86-64.so.2)
      n0: 16384 in 1 place, below massif's threshold (1.00%)
   n1: 94208 0x400D684: _dl_sysdep_read_whole_file (dl-misc.c:49)
    n1: 94208 0x4016BB7: _dl_load_cache_lookup (dl-cache.c:424)
     n1: 94208 0x400A981: _dl_map_object (dl-load.c:2193)
      n1: 94208 0x4003494: openaux (dl-deps.c:64)
       n1: 94208 0x401D3A9: _dl_catch_exception (dl-error-skeleton.c:208)
        n1: 94208 0x4003C7B: _dl_map_object_deps (dl-deps.c:248)
         n1: 94208 0x40233FF: dl_main (rtld.c:1970)
          n1: 94208 0x401F89B: _dl_sysdep_start (dl-sysdep.c:256)
           n1: 94208 0x40215F7: _dl_start_final (rtld.c:507)
            n1: 94208 0x40215F7: _dl_start (rtld.c:596)
             n0: 94208 0x40202F7: ??? (in /usr/lib/x86_64-linux-gnu/ld-linux-x86-64.so.2)
   n0: 8192 in 1 place, below massif's threshold (1.00%)
 n0: 421888 0x0: ???
 n0: 0 in 1 place, below massif's threshold (1.00%)
#-----------
snapshot=24
#-----------
time=57045
mem_heap_B=2387968
mem_heap_extra_B=0
mem_stacks_B=0
heap_tree=empty
#-----------
snapshot=25
#-----------
time=57084
mem_heap_B=2396160
mem_heap_extra_B=0
mem_stacks_B=0
heap_tree=empty
#-----------
snapshot=26
#-----------
time=62031
mem_heap_B=4698112
mem_heap_extra_B=0
mem_stacks_B=0
heap_tree=empty
#-----------
snapshot=27
#-----------
time=62100
mem_heap_B=6582272
mem_heap_extra_B=0
mem_stacks_B=0
heap_tree=empty
#-----------
snapshot=28
#-----------
time=62142
mem_heap_B=6782976
mem_heap_extra_B=0
mem_stacks_B=0
heap_tree=empty
#-----------
snapshot=29
#-----------
time=62181
mem_heap_B=6856704
mem_heap_extra_B=0
mem_stacks_B=0
heap_tree=empty
#-----------
snapshot=30
#-----------
time=67414
mem_heap_B=14430208
mem_heap_extra_B=0
mem_stacks_B=0
heap_tree=empty
#-----------
snapshot=31
#-----------
time=67483
mem_heap_B=21184512
mem_heap_extra_B=0
mem_stacks_B=0
heap_tree=empty
#-----------
snapshot=32
#-----------
time=67525
mem_heap_B=21852160
mem_heap_extra_B=0
mem_stacks_B=0
heap_tree=empty
#-----------
snapshot=33
#-----------
time=67564
mem_heap_B=21876736
mem_heap_extra_B=0
mem_stacks_B=0
heap_tree=detailed
n3: 21876736 (page allocation syscalls) mmap/mremap/brk, --alloc-fns, etc.
 n1: 21454848 0x4026D17: __mmap64 (mmap64.c:58)
  n3: 21454848 0x4026D17: mmap (mmap64.c:46)
   n1: 10842112 0x4008F1B: _dl_map_segment (dl-map-segments.h:29)
    n1: 10842112 0x4008F1B: _dl_map_segments (dl-map-segments.h:102)
     n1: 10842112 0x4008F1B: _dl_map_object_from_fd (dl-load.c:1258)
      n2: 10842112 0x400A600: _dl_map_object (dl-load.c:2327)
       n1: 10821632 0x4003494: openaux (dl-deps.c:64)
        n1: 10821632 0x401D3A9: _dl_catch_exception (dl-error-skeleton.c:208)
         n1: 10821632 0x4003C7B: _dl_map_object_deps (dl-deps.c:248)
          n1: 10821632 0x40233FF: dl_main (rtld.c:1970)
           n1: 10821632 0x401F89B: _dl_sysdep_start (dl-sysdep.c:256)
            n1: 10821632 0x40215F7: _dl_start_final (rtld.c:507)
             n1: 10821632 0x40215F7: _dl_start (rtld.c:596)
              n0: 10821632 0x40202F7: ??? (in /usr/lib/x86_64-linux-gnu/ld-linux-x86-64.so.2)
       n0: 20480 in 1 place, below massif's threshold (1.00%)
   n1: 10510336 0x4009098: _dl_map_segments (dl-map-segments.h:140)
    n1: 10510336 0x4009098: _dl_map_object_from_fd (dl-load.c:1258)
     n2: 10510336 0x400A600: _dl_map_object (dl-load.c:2327)
      n1: 10493952 0x4003494: openaux (dl-deps.c:64)
       n1: 10493952 0x401D3A9: _dl_catch_exception (dl-error-skeleton.c:208)
        n1: 10493952 0x4003C7B: _dl_map_object_deps (dl-deps.c:248)
         n1: 10493952 0x40233FF: dl_main (rtld.c:1970)
          n1: 10493952 0x401F89B: _dl_sysdep_start (dl-sysdep.c:256)
           n1: 10493952 0x40215F7: _dl_start_final (rtld.c:507)
            n1: 10493952 0x40215F7: _dl_start (rtld.c:596)
             n0: 10493952 0x40202F7: ??? (in /usr/lib/x86_64-linux-gnu/ld-linux-x86-64.so.2)
      n0: 16384 in 1 place, below massif's threshold (1.00%)
   n0: 102400 in 2 places, all below massif's threshold (1.00%)
 n0: 421888 0x0: ???
 n0: 0 in 1 place, below massif's threshold (1.00%)
#-----------
snapshot=34
#-----------
time=72775
mem_heap_B=24137728
mem_heap_extra_B=0
mem_stacks_B=0
heap_tree=empty
#-----------
snapshot=35
#-----------
time=72825
mem_heap_B=25796608
mem_heap_extra_B=0
mem_stacks_B=0
heap_tree=empty
#-----------
snapshot=36
#-----------
time=72867
mem_heap_B=26157056
mem_heap_extra_B=0
mem_stacks_B=0
heap_tree=empty
#-----------
snapshot=37
#-----------
time=72906
mem_heap_B=26181632
mem_heap_extra_B=0
mem_stacks_B=0
heap_tree=empty
#-----------
snapshot=38
#-----------
time=73182
mem_heap_B=26234880
mem_heap_extra_B=0
mem_stacks_B=0
heap_tree=empty
#-----------
snapshot=39
#-----------
time=82852
mem_heap_B=26914816
mem_heap_extra_B=0
mem_stacks_B=0
heap_tree=empty
#-----------
snapshot=40
#-----------
time=82942
mem_heap_B=27533312
mem_heap_extra_B=0
mem_stacks_B=0
heap_tree=empty
#-----------
snapshot=41
#-----------
time=82984
mem_heap_B=27561984
mem_heap_extra_B=0
mem_stacks_B=0
heap_tree=empty
#-----------
snapshot=42
#-----------
time=83023
mem_heap_B=27570176
mem_heap_extra_B=0
mem_stacks_B=0
heap_tree=empty
#-----------
snapshot=43
#-----------
time=87269
mem_heap_B=27578368
mem_heap_extra_B=0
mem_stacks_B=0
heap_tree=detailed
n3: 27578368 (page allocation syscalls) mmap/mremap/brk, --alloc-fns, etc.
 n1: 27156480 0x4026D17: __mmap64 (mmap64.c:58)
  n3: 27156480 0x4026D17: mmap (mmap64.c:46)
   n1: 13783040 0x4008F1B: _dl_map_segment (dl-map-segments.h:29)
    n1: 13783040 0x4008F1B: _dl_map_segments (dl-map-segments.h:102)
     n1: 13783040 0x4008F1B: _dl_map_object_from_fd (dl-load.c:1258)
      n2: 13783040 0x400A600: _dl_map_object (dl-load.c:2327)
       n1: 13762560 0x4003494: openaux (dl-deps.c:64)
        n1: 13762560 0x401D3A9: _dl_catch_exception (dl-error-skeleton.c:208)
         n1: 13762560 0x4003C7B: _dl_map_object_deps (dl-deps.c:248)
          n1: 13762560 0x40233FF: dl_main (rtld.c:1970)
           n1: 13762560 0x401F89B: _dl_sysdep_start (dl-sysdep.c:256)
            n1: 13762560 0x40215F7: _dl_start_final (rtld.c:507)
             n1: 13762560 0x40215F7: _dl_start (rtld.c:596)
              n0: 13762560 0x40202F7: ??? (in /usr/lib/x86_64-linux-gnu/ld-linux-x86-64.so.2)
       n0: 20480 in 1 place, below massif's threshold (1.00%)
   n1: 13209600 0x4009098: _dl_map_segments (dl-map-segments.h:140)
    n1: 13209600 0x4009098: _dl_map_object_from_fd (dl-load.c:1258)
     n2: 13209600 0x400A600: _dl_map_object (dl-load.c:2327)
      n1: 13193216 0x4003494: openaux (dl-deps.c:64)
       n1: 13193216 0x401D3A9: _dl_catch_exception (dl-error-skeleton.c:208)
        n1: 13193216 0x4003C7B: _dl_map_object_deps (dl-deps.c:248)
         n1: 13193216 0x40233FF: dl_main (rtld.c:1970)
          n1: 13193216 0x401F89B: _dl_sysdep_start (dl-sysdep.c:256)
           n1: 13193216 0x40215F7: _dl_start_final (rtld.c:507)
            n1: 13193216 0x40215F7: _dl_start (rtld.c:596)
             n0: 13193216 0x40202F7: ??? (in /usr/lib/x86_64-linux-gnu/ld-linux-x86-64.so.2)
      n0: 16384 in 1 place, below massif's threshold (1.00%)
   n0: 163840 in 3 places, all below massif's threshold (1.00%)
 n0: 421888 0x0: ???
 n0: 0 in 1 place, below massif's threshold (1.00%)
#-----------
snapshot=44
#-----------
time=88060
mem_heap_B=30572544
mem_heap_extra_B=0
mem_stacks_B=0
heap_tree=empty
#-----------
snapshot=45
#-----------
time=88150
mem_heap_B=33230848
mem_heap_extra_B=0
mem_stacks_B=0
heap_tree=empty
#-----------
snapshot=46
#-----------
time=88192
mem_heap_B=33431552
mem_heap_extra_B=0
mem_stacks_B=0
heap_tree=empty
#-----------
snapshot=47
#-----------
time=88231
mem_heap_B=33443840
mem_heap_extra_B=0
mem_stacks_B=0
heap_tree=empty
#-----------
snapshot=48
#-----------
time=94919
mem_heap_B=33574912
mem_heap_extra_B=0
mem_stacks_B=0
heap_tree=empty
#-----------
snapshot=49
#-----------
time=94988
mem_heap_B=33669120
mem_heap_extra_B=0
mem_stacks_B=0
heap_tree=empty
#-----------
snapshot=50
#-----------
time=95030
mem_heap_B=33685504
mem_heap_extra_B=0
mem_stacks_B=0
heap_tree=empty
#-----------
snapshot=51
#-----------
time=95069
mem_heap_B=33693696
mem_heap_extra_B=0
mem_stacks_B=0
heap_tree=empty
#-----------
snapshot=52
#-----------
time=106074
mem_heap_B=33988608
mem_heap_extra_B=0
mem_stacks_B=0
heap_tree=empty
#-----------
snapshot=53
#-----------
time=106143
mem_heap_B=34168832
mem_heap_extra_B=0
mem_stacks_B=0
heap_tree=detailed
n3: 34168832 (page allocation syscalls) mmap/mremap/brk, --alloc-fns, etc.
 n1: 33746944 0x4026D17: __mmap64 (mmap64.c:58)
  n3: 33746944 0x4026D17: mmap (mmap64.c:46)
   n1: 17203200 0x4008F1B: _dl_map_segment (dl-map-segments.h:29)
    n1: 17203200 0x4008F1B: _dl_map_segments (dl-map-segments.h:102)
     n1: 17203200 0x4008F1B: _dl_map_object_from_fd (dl-load.c:1258)
      n2: 17203200 0x400A600: _dl_map_object (dl-load.c:2327)
       n1: 17182720 0x4003494: openaux (dl-deps.c:64)
        n1: 17182720 0x401D3A9: _dl_catch_exception (dl-error-skeleton.c:208)
         n1: 17182720 0x4003C7B: _dl_map_object_deps (dl-deps.c:248)
          n1: 17182720 0x40233FF: dl_main (rtld.c:1970)
           n1: 17182720 0x401F89B: _dl_sysdep_start (dl-sysdep.c:256)
            n1: 17182720 0x40215F7: _dl_start_final (rtld.c:507)
             n1: 17182720 0x40215F7: _dl_start (rtld.c:596)
              n0: 17182720 0x40202F7: ??? (in /usr/lib/x86_64-linux-gnu/ld-linux-x86-64.so.2)
       n0: 20480 in 1 place, below massif's threshold (1.00%)
   n1: 16379904 0x4009098: _dl_map_segments (dl-map-segments.h:140)
    n1: 16379904 0x4009098: _dl_map_object_from_fd (dl-load.c:1258)
     n2: 16379904 0x400A600: _dl_map_object (dl-load.c:2327)
      n1: 16363520 0x4003494: openaux (dl-deps.c:64)
       n1: 16363520 0x401D3A9: _dl_catch_exception (dl-error-skeleton.c:208)
        n1: 16363520 0x4003C7B: _dl_map_object_deps (dl-deps.c:248)
         n1: 16363520 0x40233FF: dl_main (rtld.c:1970)
          n1: 16363520 0x401F89B: _dl_sysdep_start (dl-sysdep.c:256)
           n1: 16363520 0x40215F7: _dl_start_final (rtld.c:507)
            n1: 16363520 0x40215F7: _dl_start (rtld.c:596)
             n0: 16363520 0x40202F7: ??? (in /usr/lib/x86_64-linux-gnu/ld-linux-x86-64.so.2)
      n0: 16384 in 1 place, below massif's threshold (1.00%)
   n0: 163840 in 3 places, all below massif's threshold (1.00%)
 n0: 421888 0x0: ???
 n0: 0 in 1 place, below massif's threshold (1.00%)
#-----------
snapshot=54
#-----------
time=106185
mem_heap_B=34263040
mem_heap_extra_B=0
mem_stacks_B=0
heap_tree=empty
#-----------
snapshot=55
#-----------
time=106224
mem_heap_B=34271232
mem_heap_extra_B=0
mem_stacks_B=0
heap_tree=empty
#-----------
snapshot=56
#-----------
time=146813
mem_heap_B=34279424
mem_heap_extra_B=0
mem_stacks_B=0
heap_tree=empty
#-----------
snapshot=57
#-----------
time=1699378
mem_heap_B=34279424
mem_heap_extra_B=0
mem_stacks_B=0
heap_tree=peak
n3: 34279424 (page allocation syscalls) mmap/mremap/brk, --alloc-fns, etc.
 n1: 33857536 0x4026D17: __mmap64 (mmap64.c:58)
  n3: 33857536 0x4026D17: mmap (mmap64.c:46)
   n1: 17203200 0x4008F1B: _dl_map_segment (dl-map-segments.h:29)
    n1: 17203200 0x4008F1B: _dl_map_segments (dl-map-segments.h:102)
     n1: 17203200 0x4008F1B: _dl_map_object_from_fd (dl-load.c:1258)
      n2: 17203200 0x400A600: _dl_map_object (dl-load.c:2327)
       n1: 17182720 0x4003494: openaux (dl-deps.c:64)
        n1: 17182720 0x401D3A9: _dl_catch_exception (dl-error-skeleton.c:208)
         n1: 17182720 0x4003C7B: _dl_map_object_deps (dl-deps.c:248)
          n1: 17182720 0x40233FF: dl_main (rtld.c:1970)
           n1: 17182720 0x401F89B: _dl_sysdep_start (dl-sysdep.c:256)
            n1: 17182720 0x40215F7: _dl_start_final (rtld.c:507)
             n1: 17182720 0x40215F7: _dl_start (rtld.c:596)
              n0: 17182720 0x40202F7: ??? (in /usr/lib/x86_64-linux-gnu/ld-linux-x86-64.so.2)
       n0: 20480 in 1 place, below massif's threshold (1.00%)
   n1: 16482304 0x4009098: _dl_map_segments (dl-map-segments.h:140)
    n1: 16482304 0x4009098: _dl_map_object_from_fd (dl-load.c:1258)
     n2: 16482304 0x400A600: _dl_map_object (dl-load.c:2327)
      n1: 16465920 0x4003494: openaux (dl-deps.c:64)
       n1: 16465920 0x401D3A9: _dl_catch_exception (dl-error-skeleton.c:208)
        n1: 16465920 0x4003C7B: _dl_map_object_deps (dl-deps.c:248)
         n1: 16465920 0x40233FF: dl_main (rtld.c:1970)
          n1: 16465920 0x401F89B: _dl_sysdep_start (dl-sysdep.c:256)
           n1: 16465920 0x40215F7: _dl_start_final (rtld.c:507)
            n1: 16465920 0x40215F7: _dl_start (rtld.c:596)
             n0: 16465920 0x40202F7: ??? (in /usr/lib/x86_64-linux-gnu/ld-linux-x86-64.so.2)
      n0: 16384 in 1 place, below massif's threshold (1.00%)
   n0: 172032 in 3 places, all below massif's threshold (1.00%)
 n0: 421888 0x0: ???
 n0: 0 in 1 place, below massif's threshold (1.00%)
#-----------
snapshot=58
#-----------
time=1699378
mem_heap_B=34275328
mem_heap_extra_B=0
mem_stacks_B=0
heap_tree=empty
#-----------
snapshot=59
#-----------
time=1703036
mem_heap_B=34320384
mem_heap_extra_B=0
mem_stacks_B=0
heap_tree=empty
#-----------
snapshot=60
#-----------
time=1732793
mem_heap_B=65720320
mem_heap_extra_B=0
mem_stacks_B=0
heap_tree=empty
#-----------
snapshot=61
#-----------
time=1733098
mem_heap_B=97722368
mem_heap_extra_B=0
mem_stacks_B=0
heap_tree=empty
#-----------
snapshot=62
#-----------
time=1733406
mem_heap_B=144818176
mem_heap_extra_B=0
mem_stacks_B=0
heap_tree=empty
#-----------
snapshot=63
#-----------
time=1733714
mem_heap_B=192819200
mem_heap_extra_B=0
mem_stacks_B=0
heap_tree=empty
