execve("./SEP_Pipeline", ["./SEP_Pipeline", "1", "1", "1"], 0x7ffff788dc68 /* 56 vars */) = 0
brk(NULL)                               = 0x63c4d7887000
mmap(NULL, 8192, PROT_READ|PROT_WRITE, MAP_PRIVATE|MAP_ANONYMOUS, -1, 0) = 0x7272425de000
access("/etc/ld.so.preload", R_OK)      = -1 ENOENT (No such file or directory)
openat(AT_FDCWD, "/etc/ld.so.cache", O_RDONLY|O_CLOEXEC) = 3
fstat(3, {st_mode=S_IFREG|0644, st_size=94815, ...}) = 0
mmap(NULL, 94815, PROT_READ, MAP_PRIVATE, 3, 0) = 0x7272425c6000
close(3)                                = 0
openat(AT_FDCWD, "/lib/x86_64-linux-gnu/libm.so.6", O_RDONLY|O_CLOEXEC) = 3
read(3, "\177ELF\2\1\1\3\0\0\0\0\0\0\0\0\3\0>\0\1\0\0\0\0\0\0\0\0\0\0\0"..., 832) = 832
fstat(3, {st_mode=S_IFREG|0644, st_size=952616, ...}) = 0
mmap(NULL, 950296, PROT_READ, MAP_PRIVATE|MAP_DENYWRITE, 3, 0) = 0x7272424dd000
mmap(0x7272424ed000, 520192, PROT_READ|PROT_EXEC, MAP_PRIVATE|MAP_FIXED|MAP_DENYWRITE, 3, 0x10000) = 0x7272424ed000
mmap(0x72724256c000, 360448, PROT_READ, MAP_PRIVATE|MAP_FIXED|MAP_DENYWRITE, 3, 0x8f000) = 0x72724256c000
mmap(0x7272425c4000, 8192, PROT_READ|PROT_WRITE, MAP_PRIVATE|MAP_FIXED|MAP_DENYWRITE, 3, 0xe7000) = 0x7272425c4000
close(3)                                = 0
openat(AT_FDCWD, "/lib/x86_64-linux-gnu/libfftw3f.so.3", O_RDONLY|O_CLOEXEC) = 3
read(3, "\177ELF\2\1\1\0\0\0\0\0\0\0\0\0\3\0>\0\1\0\0\0\0\0\0\0\0\0\0\0"..., 832) = 832
fstat(3, {st_mode=S_IFREG|0644, st_size=2324560, ...}) = 0
mmap(NULL, 2323432, PROT_READ, MAP_PRIVATE|MAP_DENYWRITE, 3, 0) = 0x727242200000
mmap(0x727242223000, 1908736, PROT_READ|PROT_EXEC, MAP_PRIVATE|MAP_FIXED|MAP_DENYWRITE, 3, 0x23000) = 0x727242223000
mmap(0x7272423f5000, 200704, PROT_READ, MAP_PRIVATE|MAP_FIXED|MAP_DENYWRITE, 3, 0x1f5000) = 0x7272423f5000
mmap(0x727242426000, 73728, PROT_READ|PROT_WRITE, MAP_PRIVATE|MAP_FIXED|MAP_DENYWRITE, 3, 0x226000) = 0x727242426000
close(3)                                = 0
openat(AT_FDCWD, "/lib/x86_64-linux-gnu/liblapack.so.3", O_RDONLY|O_CLOEXEC) = 3
read(3, "\177ELF\2\1\1\0\0\0\0\0\0\0\0\0\3\0>\0\1\0\0\0\0\0\0\0\0\0\0\0"..., 832) = 832
fstat(3, {st_mode=S_IFREG|0644, st_size=7268368, ...}) = 0
mmap(NULL, 7270608, PROT_READ, MAP_PRIVATE|MAP_DENYWRITE, 3, 0) = 0x727241a00000
mmap(0x727241a20000, 6983680, PROT_READ|PROT_EXEC, MAP_PRIVATE|MAP_FIXED|MAP_DENYWRITE, 3, 0x20000) = 0x727241a20000
mmap(0x7272420c9000, 135168, PROT_READ, MAP_PRIVATE|MAP_FIXED|MAP_DENYWRITE, 3, 0x6c9000) = 0x7272420c9000
mmap(0x7272420ea000, 24576, PROT_READ|PROT_WRITE, MAP_PRIVATE|MAP_FIXED|MAP_DENYWRITE, 3, 0x6e9000) = 0x7272420ea000
close(3)                                = 0
openat(AT_FDCWD, "/lib/x86_64-linux-gnu/libc.so.6", O_RDONLY|O_CLOEXEC) = 3
read(3, "\177ELF\2\1\1\3\0\0\0\0\0\0\0\0\3\0>\0\1\0\0\0\220\243\2\0\0\0\0\0"..., 832) = 832
pread64(3, "\6\0\0\0\4\0\0\0@\0\0\0\0\0\0\0@\0\0\0\0\0\0\0@\0\0\0\0\0\0\0"..., 784, 64) = 784
fstat(3, {st_mode=S_IFREG|0755, st_size=2125328, ...}) = 0
pread64(3, "\6\0\0\0\4\0\0\0@\0\0\0\0\0\0\0@\0\0\0\0\0\0\0@\0\0\0\0\0\0\0"..., 784, 64) = 784
mmap(NULL, 2170256, PROT_READ, MAP_PRIVATE|MAP_DENYWRITE, 3, 0) = 0x727241600000
mmap(0x727241628000, 1605632, PROT_READ|PROT_EXEC, MAP_PRIVATE|MAP_FIXED|MAP_DENYWRITE, 3, 0x28000) = 0x727241628000
mmap(0x7272417b0000, 323584, PROT_READ, MAP_PRIVATE|MAP_FIXED|MAP_DENYWRITE, 3, 0x1b0000) = 0x7272417b0000
mmap(0x7272417ff000, 24576, PROT_READ|PROT_WRITE, MAP_PRIVATE|MAP_FIXED|MAP_DENYWRITE, 3, 0x1fe000) = 0x7272417ff000
mmap(0x727241805000, 52624, PROT_READ|PROT_WRITE, MAP_PRIVATE|MAP_FIXED|MAP_ANONYMOUS, -1, 0) = 0x727241805000
close(3)                                = 0
openat(AT_FDCWD, "/lib/x86_64-linux-gnu/libblas.so.3", O_RDONLY|O_CLOEXEC) = 3
read(3, "\177ELF\2\1\1\0\0\0\0\0\0\0\0\0\3\0>\0\1\0\0\0\0\0\0\0\0\0\0\0"..., 832) = 832
fstat(3, {st_mode=S_IFREG|0644, st_size=677880, ...}) = 0
mmap(NULL, 679960, PROT_READ, MAP_PRIVATE|MAP_DENYWRITE, 3, 0) = 0x727242159000
mmap(0x72724215f000, 630784, PROT_READ|PROT_EXEC, MAP_PRIVATE|MAP_FIXED|MAP_DENYWRITE, 3, 0x6000) = 0x72724215f000
mmap(0x7272421f9000, 20480, PROT_READ, MAP_PRIVATE|MAP_FIXED|MAP_DENYWRITE, 3, 0xa0000) = 0x7272421f9000
mmap(0x7272421fe000, 8192, PROT_READ|PROT_WRITE, MAP_PRIVATE|MAP_FIXED|MAP_DENYWRITE, 3, 0xa4000) = 0x7272421fe000
close(3)                                = 0
openat(AT_FDCWD, "/lib/x86_64-linux-gnu/libgfortran.so.5", O_RDONLY|O_CLOEXEC) = 3
read(3, "\177ELF\2\1\1\0\0\0\0\0\0\0\0\0\3\0>\0\1\0\0\0\0\0\0\0\0\0\0\0"..., 832) = 832
fstat(3, {st_mode=S_IFREG|0644, st_size=3263912, ...}) = 0
mmap(NULL, 8192, PROT_READ|PROT_WRITE, MAP_PRIVATE|MAP_ANONYMOUS, -1, 0) = 0x7272424db000
mmap(NULL, 3266464, PROT_READ, MAP_PRIVATE|MAP_DENYWRITE, 3, 0) = 0x727241200000
mmap(0x72724121d000, 2969600, PROT_READ|PROT_EXEC, MAP_PRIVATE|MAP_FIXED|MAP_DENYWRITE, 3, 0x1d000) = 0x72724121d000
mmap(0x7272414f2000, 167936, PROT_READ, MAP_PRIVATE|MAP_FIXED|MAP_DENYWRITE, 3, 0x2f2000) = 0x7272414f2000
mmap(0x72724151b000, 12288, PROT_READ|PROT_WRITE, MAP_PRIVATE|MAP_FIXED|MAP_DENYWRITE, 3, 0x31a000) = 0x72724151b000
close(3)                                = 0
openat(AT_FDCWD, "/lib/x86_64-linux-gnu/libgcc_s.so.1", O_RDONLY|O_CLOEXEC) = 3
read(3, "\177ELF\2\1\1\0\0\0\0\0\0\0\0\0\3\0>\0\1\0\0\0\0\0\0\0\0\0\0\0"..., 832) = 832
fstat(3, {st_mode=S_IFREG|0644, st_size=183024, ...}) = 0
mmap(NULL, 185256, PROT_READ, MAP_PRIVATE|MAP_DENYWRITE, 3, 0) = 0x7272424ad000
mmap(0x7272424b1000, 147456, PROT_READ|PROT_EXEC, MAP_PRIVATE|MAP_FIXED|MAP_DENYWRITE, 3, 0x4000) = 0x7272424b1000
mmap(0x7272424d5000, 16384, PROT_READ, MAP_PRIVATE|MAP_FIXED|MAP_DENYWRITE, 3, 0x28000) = 0x7272424d5000
mmap(0x7272424d9000, 8192, PROT_READ|PROT_WRITE, MAP_PRIVATE|MAP_FIXED|MAP_DENYWRITE, 3, 0x2b000) = 0x7272424d9000
close(3)                                = 0
mmap(NULL, 8192, PROT_READ|PROT_WRITE, MAP_PRIVATE|MAP_ANONYMOUS, -1, 0) = 0x7272424ab000
arch_prctl(ARCH_SET_FS, 0x7272424abb80) = 0
set_tid_address(0x7272424abe50)         = 30947
set_robust_list(0x7272424abe60, 24)     = 0
rseq(0x7272424ac4a0, 0x20, 0, 0x53053053) = 0
mprotect(0x7272417ff000, 16384, PROT_READ) = 0
mprotect(0x7272424d9000, 4096, PROT_READ) = 0
mprotect(0x7272425c4000, 4096, PROT_READ) = 0
mprotect(0x72724151b000, 4096, PROT_READ) = 0
mprotect(0x7272421fe000, 4096, PROT_READ) = 0
mprotect(0x7272420ea000, 16384, PROT_READ) = 0
mprotect(0x727242426000, 69632, PROT_READ) = 0
mprotect(0x63c3866ca000, 24576, PROT_READ) = 0
mprotect(0x727242616000, 8192, PROT_READ) = 0
prlimit64(0, RLIMIT_STACK, NULL, {rlim_cur=8192*1024, rlim_max=RLIM64_INFINITY}) = 0
munmap(0x7272425c6000, 94815)           = 0
getrandom("\x9b\xba\xcb\x54\x04\xf6\xfa\x57", 8, GRND_NONBLOCK) = 8
brk(NULL)                               = 0x63c4d7887000
brk(0x63c4d78a8000)                     = 0x63c4d78a8000
fstat(0, {st_mode=S_IFCHR|0620, st_rdev=makedev(0x88, 0x2), ...}) = 0
fstat(1, {st_mode=S_IFCHR|0620, st_rdev=makedev(0x88, 0x2), ...}) = 0
fstat(2, {st_mode=S_IFCHR|0620, st_rdev=makedev(0x88, 0x2), ...}) = 0
rt_sigaction(SIGSEGV, {sa_handler=0x63c3866a9c7c, sa_mask=[SEGV], sa_flags=SA_RESTORER|SA_RESTART, sa_restorer=0x727241645330}, {sa_handler=SIG_DFL, sa_mask=[], sa_flags=0}, 8) = 0
rt_sigaction(SIGPIPE, {sa_handler=0x63c3866a9c7c, sa_mask=[PIPE], sa_flags=SA_RESTORER|SA_RESTART, sa_restorer=0x727241645330}, {sa_handler=SIG_DFL, sa_mask=[], sa_flags=0}, 8) = 0
getpid()                                = 30947
sched_setaffinity(30947, 128, [0])      = 0
openat(AT_FDCWD, "/sys/devices/system/cpu/online", O_RDONLY|O_CLOEXEC) = 3
read(3, "0-13\n", 1024)                 = 5
close(3)                                = 0
rt_sigaction(SIGRT_1, {sa_handler=0x727241699530, sa_mask=[], sa_flags=SA_RESTORER|SA_ONSTACK|SA_RESTART|SA_SIGINFO, sa_restorer=0x727241645330}, NULL, 8) = 0
rt_sigprocmask(SIG_UNBLOCK, [RTMIN RT_1], NULL, 8) = 0
mmap(NULL, 8392704, PROT_NONE, MAP_PRIVATE|MAP_ANONYMOUS|MAP_STACK, -1, 0) = 0x727240800000
mprotect(0x727240801000, 8388608, PROT_READ|PROT_WRITE) = 0
rt_sigprocmask(SIG_BLOCK, ~[], [], 8)   = 0
clone3({flags=CLONE_VM|CLONE_FS|CLONE_FILES|CLONE_SIGHAND|CLONE_THREAD|CLONE_SYSVSEM|CLONE_SETTLS|CLONE_PARENT_SETTID|CLONE_CHILD_CLEARTID, child_tid=0x727241000990, parent_tid=0x727241000990, exit_signal=0, stack=0x727240800000, stack_size=0x7fff80, tls=0x7272410006c0} => {parent_tid=[30949]}, 88) = 30949
sched_setaffinity(30949, 128, [1])      = 0
rt_sigprocmask(SIG_SETMASK, [], NULL, 8) = 0
futex(0x727241000cd8, FUTEX_WAKE_PRIVATE, 1) = 1
openat(AT_FDCWD, "/sys/devices/system/cpu/online", O_RDONLY|O_CLOEXEC) = 3
read(3, "0-13\n", 1024)                 = 5
close(3)                                = 0
mmap(NULL, 8392704, PROT_NONE, MAP_PRIVATE|MAP_ANONYMOUS|MAP_STACK, -1, 0) = 0x72723fe00000
mprotect(0x72723fe01000, 8388608, PROT_READ|PROT_WRITE) = 0
rt_sigprocmask(SIG_BLOCK, ~[], [], 8)   = 0
clone3({flags=CLONE_VM|CLONE_FS|CLONE_FILES|CLONE_SIGHAND|CLONE_THREAD|CLONE_SYSVSEM|CLONE_SETTLS|CLONE_PARENT_SETTID|CLONE_CHILD_CLEARTID, child_tid=0x727240600990, parent_tid=0x727240600990, exit_signal=0, stack=0x72723fe00000, stack_size=0x7fff80, tls=0x7272406006c0} => {parent_tid=[30950]}, 88) = 30950
sched_setaffinity(30950, 128, [2])      = 0
rt_sigprocmask(SIG_SETMASK, [], NULL, 8) = 0
futex(0x727240600cd8, FUTEX_WAKE_PRIVATE, 1) = 1
openat(AT_FDCWD, "/sys/devices/system/cpu/online", O_RDONLY|O_CLOEXEC) = 3
read(3, "0-13\n", 1024)                 = 5
close(3)                                = 0
mmap(NULL, 8392704, PROT_NONE, MAP_PRIVATE|MAP_ANONYMOUS|MAP_STACK, -1, 0) = 0x72723f400000
mprotect(0x72723f401000, 8388608, PROT_READ|PROT_WRITE) = 0
rt_sigprocmask(SIG_BLOCK, ~[], [], 8)   = 0
clone3({flags=CLONE_VM|CLONE_FS|CLONE_FILES|CLONE_SIGHAND|CLONE_THREAD|CLONE_SYSVSEM|CLONE_SETTLS|CLONE_PARENT_SETTID|CLONE_CHILD_CLEARTID, child_tid=0x72723fc00990, parent_tid=0x72723fc00990, exit_signal=0, stack=0x72723f400000, stack_size=0x7fff80, tls=0x72723fc006c0} => {parent_tid=[30951]}, 88) = 30951
sched_setaffinity(30951, 128, [3])      = 0
rt_sigprocmask(SIG_SETMASK, [], NULL, 8) = 0
futex(0x72723fc00cd8, FUTEX_WAKE_PRIVATE, 1) = 1
openat(AT_FDCWD, "/sys/devices/system/cpu/online", O_RDONLY|O_CLOEXEC) = 3
read(3, "0-13\n", 1024)                 = 5
close(3)                                = 0
mmap(NULL, 8392704, PROT_NONE, MAP_PRIVATE|MAP_ANONYMOUS|MAP_STACK, -1, 0) = 0x72723ea00000
mprotect(0x72723ea01000, 8388608, PROT_READ|PROT_WRITE) = 0
rt_sigprocmask(SIG_BLOCK, ~[], [], 8)   = 0
clone3({flags=CLONE_VM|CLONE_FS|CLONE_FILES|CLONE_SIGHAND|CLONE_THREAD|CLONE_SYSVSEM|CLONE_SETTLS|CLONE_PARENT_SETTID|CLONE_CHILD_CLEARTID, child_tid=0x72723f200990, parent_tid=0x72723f200990, exit_signal=0, stack=0x72723ea00000, stack_size=0x7fff80, tls=0x72723f2006c0} => {parent_tid=[30952]}, 88) = 30952
sched_setaffinity(30952, 128, [4])      = 0
rt_sigprocmask(SIG_SETMASK, [], NULL, 8) = 0
futex(0x72723f200cd8, FUTEX_WAKE_PRIVATE, 1) = 1
openat(AT_FDCWD, "/sys/devices/system/cpu/online", O_RDONLY|O_CLOEXEC) = 3
read(3, "0-13\n", 1024)                 = 5
close(3)                                = 0
mmap(NULL, 8392704, PROT_NONE, MAP_PRIVATE|MAP_ANONYMOUS|MAP_STACK, -1, 0) = 0x72723e000000
mprotect(0x72723e001000, 8388608, PROT_READ|PROT_WRITE) = 0
rt_sigprocmask(SIG_BLOCK, ~[], [], 8)   = 0
clone3({flags=CLONE_VM|CLONE_FS|CLONE_FILES|CLONE_SIGHAND|CLONE_THREAD|CLONE_SYSVSEM|CLONE_SETTLS|CLONE_PARENT_SETTID|CLONE_CHILD_CLEARTID, child_tid=0x72723e800990, parent_tid=0x72723e800990, exit_signal=0, stack=0x72723e000000, stack_size=0x7fff80, tls=0x72723e8006c0} => {parent_tid=[30953]}, 88) = 30953
sched_setaffinity(30953, 128, [5])      = 0
rt_sigprocmask(SIG_SETMASK, [], NULL, 8) = 0
futex(0x72723e800cd8, FUTEX_WAKE_PRIVATE, 1) = 1
futex(0x63c4cec3eb04, FUTEX_WAIT_PRIVATE, 0, NULL) = 0
mmap(NULL, 24170496, PROT_READ|PROT_WRITE, MAP_PRIVATE|MAP_ANONYMOUS, -1, 0) = 0x72723c800000
+++ killed by SIGABRT (core dumped) +++
